<?xml version="1.0" encoding="UTF-8"?>
<testsuite name="com.example.backend.BackEndApplicationTests" tests="1" skipped="0" failures="0" errors="0" timestamp="2023-03-21T01:45:55" hostname="Chriss-MacBook-Pro.local" time="0.17">
  <properties/>
  <testcase name="contextLoads()" classname="com.example.backend.BackEndApplicationTests" time="0.17"/>
  <system-out><![CDATA[11:45:54.701 [Test worker] DEBUG org.springframework.boot.test.context.SpringBootTestContextBootstrapper - Neither @ContextConfiguration nor @ContextHierarchy found for test class [BackEndApplicationTests]: using SpringBootContextLoader
11:45:54.703 [Test worker] DEBUG org.springframework.test.context.support.AbstractContextLoader - Could not detect default resource locations for test class [com.example.backend.BackEndApplicationTests]: no resource found for suffixes {-context.xml, Context.groovy}.
11:45:54.703 [Test worker] INFO org.springframework.test.context.support.AnnotationConfigContextLoaderUtils - Could not detect default configuration classes for test class [com.example.backend.BackEndApplicationTests]: BackEndApplicationTests does not declare any static, non-private, non-final, nested classes annotated with @Configuration.
11:45:54.713 [Test worker] DEBUG org.springframework.boot.test.context.SpringBootTestContextBootstrapper - Using ContextCustomizers for test class [BackEndApplicationTests]: [DisableObservabilityContextCustomizer, PropertyMappingContextCustomizer, Customizer, ExcludeFilterContextCustomizer, DuplicateJsonObjectContextCustomizer, MockitoContextCustomizer, TestRestTemplateContextCustomizer, WebTestClientContextCustomizer]
11:45:54.741 [Test worker] DEBUG org.springframework.context.annotation.ClassPathScanningCandidateComponentProvider - Identified candidate component class: file [/Users/chris/Desktop/COIT13230-Team-Project-Backend/build/classes/java/main/com/example/backend/BackEndApplication.class]
11:45:54.741 [Test worker] INFO org.springframework.boot.test.context.SpringBootTestContextBootstrapper - Found @SpringBootConfiguration com.example.backend.BackEndApplication for test class com.example.backend.BackEndApplicationTests
11:45:54.774 [Test worker] DEBUG org.springframework.test.context.util.TestContextSpringFactoriesUtils - Skipping candidate TestExecutionListener [org.springframework.test.context.transaction.TransactionalTestExecutionListener] due to a missing dependency. Specify custom TestExecutionListener classes or make the default TestExecutionListener classes and their required dependencies available. Offending class: [org/springframework/transaction/interceptor/TransactionAttributeSource]
11:45:54.775 [Test worker] DEBUG org.springframework.test.context.util.TestContextSpringFactoriesUtils - Skipping candidate TestExecutionListener [org.springframework.test.context.jdbc.SqlScriptsTestExecutionListener] due to a missing dependency. Specify custom TestExecutionListener classes or make the default TestExecutionListener classes and their required dependencies available. Offending class: [org/springframework/transaction/interceptor/TransactionAttribute]
11:45:54.776 [Test worker] DEBUG org.springframework.boot.test.context.SpringBootTestContextBootstrapper - Using TestExecutionListeners for test class [BackEndApplicationTests]: [ServletTestExecutionListener, DirtiesContextBeforeModesTestExecutionListener, ApplicationEventsTestExecutionListener, MockitoTestExecutionListener, DependencyInjectionTestExecutionListener, DirtiesContextTestExecutionListener, EventPublishingTestExecutionListener, RestDocsTestExecutionListener, MockRestServiceServerResetTestExecutionListener, MockMvcPrintOnlyOnFailureTestExecutionListener, WebDriverTestExecutionListener, MockWebServiceServerTestExecutionListener, ResetMocksTestExecutionListener]
11:45:54.777 [Test worker] DEBUG org.springframework.test.context.support.AbstractDirtiesContextTestExecutionListener - Before test class: class [BackEndApplicationTests], class annotated with @DirtiesContext [false] with mode [null]

  .   ____          _            __ _ _
 /\\ / ___'_ __ _ _(_)_ __  __ _ \ \ \ \
( ( )\___ | '_ | '_| | '_ \/ _` | \ \ \ \
 \\/  ___)| |_)| | | | | || (_| |  ) ) ) )
  '  |____| .__|_| |_|_| |_\__, | / / / /
 =========|_|==============|___/=/_/_/_/
 :: Spring Boot ::                (v3.0.3)

2023-03-21T11:45:54.878+10:00  INFO 92596 --- [    Test worker] c.e.backend.BackEndApplicationTests      : Starting BackEndApplicationTests using Java 17.0.2 with PID 92596 (started by chris in /Users/chris/Desktop/COIT13230-Team-Project-Backend)
2023-03-21T11:45:54.879+10:00  INFO 92596 --- [    Test worker] c.e.backend.BackEndApplicationTests      : No active profile set, falling back to 1 default profile: "default"
2023-03-21T11:45:55.163+10:00  INFO 92596 --- [    Test worker] trationDelegate$BeanPostProcessorChecker : Bean 'org.springframework.ws.config.annotation.DelegatingWsConfiguration' of type [org.springframework.ws.config.annotation.DelegatingWsConfiguration$$SpringCGLIB$$0] is not eligible for getting processed by all BeanPostProcessors (for example: not eligible for auto-proxying)
2023-03-21T11:45:55.186+10:00  INFO 92596 --- [    Test worker] .w.s.a.s.AnnotationActionEndpointMapping : Supporting [WS-Addressing August 2004, WS-Addressing 1.0]
2023-03-21T11:45:55.409+10:00  INFO 92596 --- [    Test worker] c.e.backend.BackEndApplicationTests      : Started BackEndApplicationTests in 0.618 seconds (process running for 1.056)
]]></system-out>
  <system-err><![CDATA[]]></system-err>
</testsuite>
